\BOOKMARK [1][-]{section.1}{Introduction}{}% 1
\BOOKMARK [2][-]{subsection.1.1}{Outline of the thesis}{section.1}% 2
\BOOKMARK [2][-]{subsection.1.2}{Disclaimer}{section.1}% 3
\BOOKMARK [2][-]{subsection.1.3}{Molecules}{section.1}% 4
\BOOKMARK [2][-]{subsection.1.4}{Brief history of molecular representations}{section.1}% 5
\BOOKMARK [1][-]{section.2}{Fixed Representations}{}% 6
\BOOKMARK [2][-]{subsection.2.1}{Numerical Descriptors}{section.2}% 7
\BOOKMARK [2][-]{subsection.2.2}{Fingerprint Vectors}{section.2}% 8
\BOOKMARK [1][-]{section.3}{Learned Representations}{}% 9
\BOOKMARK [2][-]{subsection.3.1}{Molecular Graphs}{section.3}% 10
\BOOKMARK [2][-]{subsection.3.2}{Graph Neural Networks}{section.3}% 11
\BOOKMARK [2][-]{subsection.3.3}{Directed MPP ? yangMPP}{section.3}% 12
\BOOKMARK [2][-]{subsection.3.4}{Sequence modeling}{section.3}% 13
\BOOKMARK [1][-]{section.4}{Application in Drug Discovery}{}% 14
\BOOKMARK [2][-]{subsection.4.1}{Property Prediction}{section.4}% 15
\BOOKMARK [2][-]{subsection.4.2}{De novo design}{section.4}% 16
\BOOKMARK [1][-]{section.5}{Discussion}{}% 17
\BOOKMARK [1][-]{section.6}{Conclusion}{}% 18
\BOOKMARK [1][-]{section.6}{References}{}% 19
\BOOKMARK [1][-]{section.6}{List of Figures}{}% 20
\BOOKMARK [1][-]{section.6}{List of Tables}{}% 21
\BOOKMARK [1][-]{section.6}{Appendix}{}% 22
\BOOKMARK [2][-]{subsection.Alph0.1}{Similarity values for fingerprints}{section.6}% 23
\BOOKMARK [2][-]{subsection.Alph0.2}{Kostenrechnung}{section.6}% 24
\BOOKMARK [2][-]{subsection.Alph0.3}{Ergebnisse}{section.6}% 25
